<?xml version="1.0" encoding="UTF-8"?>
<!-- Generated by org.testng.reporters.JUnitXMLReporter -->
<testsuite hostname="DESKTOP-DB5NH1R" ignored="0" name="Default test" tests="17" failures="2" timestamp="06 Sep 2021 05:58:02 GMT" time="87.286" errors="0">
  <testcase name="tc0" time="0.04" classname="com.sample.example.TestNGGroups"/>
  <testcase name="tc10" time="0.011" classname="com.sample.example.TestNGGroups"/>
  <testcase name="tc3" time="0.007" classname="com.sample.example.TestNGGroups"/>
  <testcase name="tc4" time="0.004" classname="com.sample.example.TestNGGroups"/>
  <testcase name="tc5" time="0.004" classname="com.sample.example.TestNGGroups"/>
  <testcase name="tc6" time="0.004" classname="com.sample.example.TestNGGroups"/>
  <testcase name="tc7" time="0.016" classname="com.sample.example.TestNGGroups"/>
  <testcase name="tc8" time="0.004" classname="com.sample.example.TestNGGroups"/>
  <testcase name="tc9" time="0.008" classname="com.sample.example.TestNGGroups">
    <failure type="java.lang.AssertionError" message="expected [true] but found [false]">
      <![CDATA[java.lang.AssertionError: expected [true] but found [false]
	at org.testng.Assert.fail(Assert.java:93)
	at org.testng.Assert.failNotEquals(Assert.java:512)
	at org.testng.Assert.assertTrue(Assert.java:41)
	at org.testng.Assert.assertTrue(Assert.java:51)
	at com.sample.example.TestNGGroups.tc9(TestNGGroups.java:63)
	at sun.reflect.NativeMethodAccessorImpl.invoke0(Native Method)
	at sun.reflect.NativeMethodAccessorImpl.invoke(Unknown Source)
	at sun.reflect.DelegatingMethodAccessorImpl.invoke(Unknown Source)
	at java.lang.reflect.Method.invoke(Unknown Source)
	at org.testng.internal.MethodInvocationHelper.invokeMethod(MethodInvocationHelper.java:108)
	at org.testng.internal.Invoker.invokeMethod(Invoker.java:661)
	at org.testng.internal.Invoker.invokeTestMethod(Invoker.java:869)
	at org.testng.internal.Invoker.invokeTestMethods(Invoker.java:1193)
	at org.testng.internal.TestMethodWorker.invokeTestMethods(TestMethodWorker.java:126)
	at org.testng.internal.TestMethodWorker.run(TestMethodWorker.java:109)
	at org.testng.TestRunner.privateRun(TestRunner.java:744)
	at org.testng.TestRunner.run(TestRunner.java:602)
	at org.testng.SuiteRunner.runTest(SuiteRunner.java:380)
	at org.testng.SuiteRunner.runSequentially(SuiteRunner.java:375)
	at org.testng.SuiteRunner.privateRun(SuiteRunner.java:340)
	at org.testng.SuiteRunner.run(SuiteRunner.java:289)
	at org.testng.SuiteRunnerWorker.runSuite(SuiteRunnerWorker.java:52)
	at org.testng.SuiteRunnerWorker.run(SuiteRunnerWorker.java:86)
	at org.testng.TestNG.runSuitesSequentially(TestNG.java:1301)
	at org.testng.TestNG.runSuitesLocally(TestNG.java:1226)
	at org.testng.TestNG.runSuites(TestNG.java:1144)
	at org.testng.TestNG.run(TestNG.java:1115)
	at org.testng.remote.AbstractRemoteTestNG.run(AbstractRemoteTestNG.java:132)
	at org.testng.remote.RemoteTestNG.initAndRun(RemoteTestNG.java:230)
	at org.testng.remote.RemoteTestNG.main(RemoteTestNG.java:76)
]]>
    </failure>
  </testcase> <!-- tc9 -->
  <testcase name="tc2" time="0.008" classname="com.sample.example.TestNGGroups"/>
  <testcase name="browerlaunch" time="0.0" classname="com.sample.example.TestNGParellel">
    <failure type="org.testng.TestNGException" message="
Parameter &amp;apos;email&amp;apos; is required by @Test on method browerlaunch but has not been marked @Optional or defined
in C:\Users\Srikanth\AppData\Local\Temp\testng-eclipse-829538178\testng-customsuite.xml">
      <![CDATA[org.testng.TestNGException: 
Parameter 'email' is required by @Test on method browerlaunch but has not been marked @Optional or defined
in C:\Users\Srikanth\AppData\Local\Temp\testng-eclipse-829538178\testng-customsuite.xml
	at org.testng.internal.Parameters.createParameters(Parameters.java:199)
	at org.testng.internal.Parameters.createParameters(Parameters.java:443)
	at org.testng.internal.Parameters.handleParameters(Parameters.java:569)
	at org.testng.internal.Invoker.handleParameters(Invoker.java:1308)
	at org.testng.internal.Invoker.createParameters(Invoker.java:1036)
	at org.testng.internal.Invoker.invokeTestMethods(Invoker.java:1126)
	at org.testng.internal.TestMethodWorker.invokeTestMethods(TestMethodWorker.java:126)
	at org.testng.internal.TestMethodWorker.run(TestMethodWorker.java:109)
	at org.testng.TestRunner.privateRun(TestRunner.java:744)
	at org.testng.TestRunner.run(TestRunner.java:602)
	at org.testng.SuiteRunner.runTest(SuiteRunner.java:380)
	at org.testng.SuiteRunner.runSequentially(SuiteRunner.java:375)
	at org.testng.SuiteRunner.privateRun(SuiteRunner.java:340)
	at org.testng.SuiteRunner.run(SuiteRunner.java:289)
	at org.testng.SuiteRunnerWorker.runSuite(SuiteRunnerWorker.java:52)
	at org.testng.SuiteRunnerWorker.run(SuiteRunnerWorker.java:86)
	at org.testng.TestNG.runSuitesSequentially(TestNG.java:1301)
	at org.testng.TestNG.runSuitesLocally(TestNG.java:1226)
	at org.testng.TestNG.runSuites(TestNG.java:1144)
	at org.testng.TestNG.run(TestNG.java:1115)
	at org.testng.remote.AbstractRemoteTestNG.run(AbstractRemoteTestNG.java:132)
	at org.testng.remote.RemoteTestNG.initAndRun(RemoteTestNG.java:230)
	at org.testng.remote.RemoteTestNG.main(RemoteTestNG.java:76)
]]>
    </failure>
  </testcase> <!-- browerlaunch -->
  <testcase name="browerlaunch3" time="21.2" classname="com.sample.example.TestNGParellel"/>
  <testcase name="browerlaunch3" time="18.163" classname="com.sample.example.TestNGParellel"/>
  <testcase name="browerlaunch3" time="30.367" classname="com.sample.example.TestNGParellel"/>
  <testcase name="browerlaunch3" time="17.124" classname="com.sample.example.TestNGParellel"/>
  <testcase name="tc1" time="0.0" classname="com.sample.example.TestNGGroups">
    <skipped/>
  </testcase> <!-- tc1 -->
  <testcase name="browerlaunch2" time="0.0" classname="com.sample.example.TestNGParellel">
    <skipped/>
  </testcase> <!-- browerlaunch2 -->
</testsuite> <!-- Default test -->
